2025-05-23 20:33:01,067 - WARNING - C:\Users\Hp\AppData\Local\Programs\Python\Python312\Lib\site-packages\whisper\__init__.py:150: FutureWarning: You are using `torch.load` with `weights_only=False` (the current default value), which uses the default pickle module implicitly. It is possible to construct malicious pickle data which will execute arbitrary code during unpickling (See https://github.com/pytorch/pytorch/blob/main/SECURITY.md#untrusted-models for more details). In a future release, the default value for `weights_only` will be flipped to `True`. This limits the functions that could be executed during unpickling. Arbitrary objects will no longer be allowed to be loaded via this mode unless they are explicitly allowlisted by the user via `torch.serialization.add_safe_globals`. We recommend you start setting `weights_only=True` for any use case where you don't have full control of the loaded file. Please open an issue on GitHub for any issues related to this experimental feature.
  checkpoint = torch.load(fp, map_location=device)

2025-05-23 20:33:01,666 - INFO - Whisper model 'tiny.en' loaded successfully
2025-05-23 20:33:01,666 - INFO - Gemini model 'gemini-1.5-flash' initialized successfully
2025-05-23 20:33:15,551 - INFO - Whisper model 'tiny.en' loaded successfully
2025-05-23 20:33:15,552 - INFO - Gemini model 'gemini-1.5-flash' initialized successfully
2025-05-23 20:33:25,677 - INFO - Whisper model 'tiny.en' loaded successfully
2025-05-23 20:33:25,677 - INFO - Gemini model 'gemini-1.5-flash' initialized successfully
2025-05-23 20:33:38,862 - INFO - Whisper model 'tiny.en' loaded successfully
2025-05-23 20:33:38,863 - INFO - Gemini model 'gemini-1.5-flash' initialized successfully
2025-05-23 20:33:38,875 - INFO - Processing video: C:\Users\Hp\AppData\Local\Temp\tmpkn28bi9j.mp4
2025-05-23 20:33:39,508 - INFO - Audio extracted successfully: C:\Users\Hp\AppData\Local\Temp\tmps4ffo8mj.wav
2025-05-23 20:33:39,509 - INFO - Transcribing audio: C:\Users\Hp\AppData\Local\Temp\tmps4ffo8mj.wav
2025-05-23 20:33:40,512 - WARNING - C:\Users\Hp\AppData\Local\Programs\Python\Python312\Lib\site-packages\whisper\transcribe.py:126: UserWarning: FP16 is not supported on CPU; using FP32 instead
  warnings.warn("FP16 is not supported on CPU; using FP32 instead")

2025-05-23 20:33:40,540 - ERROR - Transcription error: [WinError 2] The system cannot find the file specified
2025-05-23 20:33:40,571 - ERROR - Processing error: Traceback (most recent call last):
  File "C:\Users\Hp\meeting-summarizer\app.py", line 357, in process_meeting
    st.session_state.transcript = summarizer.transcribe_audio(audio_path)
                                  ^^^^^^^^^^^^^^^^^^^^^^^^^^^^^^^^^^^^^^^
  File "C:\Users\Hp\meeting-summarizer\app.py", line 140, in transcribe_audio
    result = self.stt_model.transcribe(audio_path)
             ^^^^^^^^^^^^^^^^^^^^^^^^^^^^^^^^^^^^^
  File "C:\Users\Hp\AppData\Local\Programs\Python\Python312\Lib\site-packages\whisper\transcribe.py", line 133, in transcribe
    mel = log_mel_spectrogram(audio, model.dims.n_mels, padding=N_SAMPLES)
          ^^^^^^^^^^^^^^^^^^^^^^^^^^^^^^^^^^^^^^^^^^^^^^^^^^^^^^^^^^^^^^^^
  File "C:\Users\Hp\AppData\Local\Programs\Python\Python312\Lib\site-packages\whisper\audio.py", line 140, in log_mel_spectrogram
    audio = load_audio(audio)
            ^^^^^^^^^^^^^^^^^
  File "C:\Users\Hp\AppData\Local\Programs\Python\Python312\Lib\site-packages\whisper\audio.py", line 58, in load_audio
    out = run(cmd, capture_output=True, check=True).stdout
          ^^^^^^^^^^^^^^^^^^^^^^^^^^^^^^^^^^^^^^^^^
  File "C:\Users\Hp\AppData\Local\Programs\Python\Python312\Lib\subprocess.py", line 548, in run
    with Popen(*popenargs, **kwargs) as process:
         ^^^^^^^^^^^^^^^^^^^^^^^^^^^
  File "C:\Users\Hp\AppData\Local\Programs\Python\Python312\Lib\subprocess.py", line 1026, in __init__
    self._execute_child(args, executable, preexec_fn, close_fds,
  File "C:\Users\Hp\AppData\Local\Programs\Python\Python312\Lib\subprocess.py", line 1538, in _execute_child
    hp, ht, pid, tid = _winapi.CreateProcess(executable, args,
                       ^^^^^^^^^^^^^^^^^^^^^^^^^^^^^^^^^^^^^^^
FileNotFoundError: [WinError 2] The system cannot find the file specified

2025-05-23 21:20:56,647 - WARNING - C:\Users\Hp\AppData\Local\Programs\Python\Python312\Lib\site-packages\whisper\__init__.py:150: FutureWarning: You are using `torch.load` with `weights_only=False` (the current default value), which uses the default pickle module implicitly. It is possible to construct malicious pickle data which will execute arbitrary code during unpickling (See https://github.com/pytorch/pytorch/blob/main/SECURITY.md#untrusted-models for more details). In a future release, the default value for `weights_only` will be flipped to `True`. This limits the functions that could be executed during unpickling. Arbitrary objects will no longer be allowed to be loaded via this mode unless they are explicitly allowlisted by the user via `torch.serialization.add_safe_globals`. We recommend you start setting `weights_only=True` for any use case where you don't have full control of the loaded file. Please open an issue on GitHub for any issues related to this experimental feature.
  checkpoint = torch.load(fp, map_location=device)

2025-05-23 21:20:58,128 - INFO - Whisper model 'tiny.en' loaded successfully
2025-05-23 21:20:58,140 - INFO - Gemini model 'gemini-1.5-flash' initialized successfully
2025-05-23 21:21:19,258 - INFO - Whisper model 'tiny.en' loaded successfully
2025-05-23 21:21:19,262 - INFO - Gemini model 'gemini-1.5-flash' initialized successfully
2025-05-23 21:21:23,154 - INFO - Whisper model 'tiny.en' loaded successfully
2025-05-23 21:21:23,156 - INFO - Gemini model 'gemini-1.5-flash' initialized successfully
2025-05-23 21:21:23,185 - INFO - Processing video: C:\Users\Hp\AppData\Local\Temp\tmp97brewis.mp4
2025-05-23 21:21:24,468 - INFO - Audio extracted successfully: C:\Users\Hp\AppData\Local\Temp\tmpaw73yok_.wav
2025-05-23 21:21:24,469 - INFO - Transcribing audio: C:\Users\Hp\AppData\Local\Temp\tmpaw73yok_.wav
2025-05-23 21:22:18,326 - WARNING - C:\Users\Hp\AppData\Local\Programs\Python\Python312\Lib\site-packages\whisper\transcribe.py:126: UserWarning: FP16 is not supported on CPU; using FP32 instead
  warnings.warn("FP16 is not supported on CPU; using FP32 instead")

2025-05-23 21:22:23,455 - INFO - Transcription completed successfully
2025-05-23 21:22:23,460 - INFO - Generating summary for general meeting...
2025-05-23 21:22:27,591 - INFO - Generating action items...
2025-05-23 21:22:28,692 - INFO - Generated summary and 3 action items
2025-05-23 21:22:28,900 - INFO - DOCX document created successfully
2025-05-23 21:24:28,291 - WARNING - C:\Users\Hp\AppData\Local\Programs\Python\Python312\Lib\site-packages\whisper\__init__.py:150: FutureWarning: You are using `torch.load` with `weights_only=False` (the current default value), which uses the default pickle module implicitly. It is possible to construct malicious pickle data which will execute arbitrary code during unpickling (See https://github.com/pytorch/pytorch/blob/main/SECURITY.md#untrusted-models for more details). In a future release, the default value for `weights_only` will be flipped to `True`. This limits the functions that could be executed during unpickling. Arbitrary objects will no longer be allowed to be loaded via this mode unless they are explicitly allowlisted by the user via `torch.serialization.add_safe_globals`. We recommend you start setting `weights_only=True` for any use case where you don't have full control of the loaded file. Please open an issue on GitHub for any issues related to this experimental feature.
  checkpoint = torch.load(fp, map_location=device)

2025-05-23 21:24:29,466 - INFO - Whisper model 'tiny.en' loaded successfully
2025-05-23 21:24:29,468 - INFO - Gemini model 'gemini-1.5-flash' initialized successfully
2025-05-23 21:24:34,068 - INFO - Whisper model 'tiny.en' loaded successfully
2025-05-23 21:24:34,070 - INFO - Gemini model 'gemini-1.5-flash' initialized successfully
2025-05-23 21:24:35,137 - INFO - Slack message sent successfully
2025-05-26 21:22:09,218 - INFO - Whisper model 'tiny.en' loaded successfully
2025-05-26 21:22:09,229 - INFO - Gemini model 'gemini-1.5-flash' initialized successfully
2025-05-26 21:23:32,675 - INFO - Whisper model 'tiny.en' loaded successfully
2025-05-26 21:23:32,675 - INFO - Gemini model 'gemini-1.5-flash' initialized successfully
2025-05-26 21:23:49,882 - INFO - Whisper model 'tiny.en' loaded successfully
2025-05-26 21:23:49,882 - INFO - Gemini model 'gemini-1.5-flash' initialized successfully
2025-05-26 21:23:59,553 - INFO - Whisper model 'tiny.en' loaded successfully
2025-05-26 21:23:59,555 - INFO - Gemini model 'gemini-1.5-flash' initialized successfully
2025-05-26 21:25:12,287 - INFO - Whisper model 'tiny.en' loaded successfully
2025-05-26 21:25:12,290 - INFO - Gemini model 'gemini-1.5-flash' initialized successfully
2025-05-26 21:25:19,265 - INFO - Whisper model 'tiny.en' loaded successfully
2025-05-26 21:25:19,265 - INFO - Gemini model 'gemini-1.5-flash' initialized successfully
2025-05-26 21:25:19,301 - INFO - Processing video: C:\Users\Hp\AppData\Local\Temp\tmp1qmab_hj.mp4
2025-05-26 21:25:23,521 - INFO - Audio extracted successfully: C:\Users\Hp\AppData\Local\Temp\tmpxef6zp0x.wav
2025-05-26 21:25:23,522 - INFO - Transcribing audio: C:\Users\Hp\AppData\Local\Temp\tmpxef6zp0x.wav
2025-05-26 21:25:26,355 - INFO - Transcription completed successfully
2025-05-26 21:25:26,364 - INFO - Generating summary for general meeting...
2025-05-26 21:25:30,390 - INFO - Generating action items...
2025-05-26 21:25:31,087 - INFO - Generated summary and 1 action items
2025-05-26 21:25:31,395 - INFO - DOCX document created successfully
2025-05-26 21:26:19,665 - INFO - Whisper model 'tiny.en' loaded successfully
2025-05-26 21:26:19,668 - INFO - Gemini model 'gemini-1.5-flash' initialized successfully
2025-05-26 21:26:20,529 - INFO - Slack message sent successfully
2025-05-26 21:57:24,130 - INFO - Whisper model 'tiny.en' loaded successfully
2025-05-26 21:57:24,136 - INFO - Gemini model 'gemini-1.5-flash' initialized successfully
2025-05-26 21:58:54,502 - INFO - Whisper model 'tiny.en' loaded successfully
2025-05-26 21:58:54,509 - INFO - Gemini model 'gemini-1.5-flash' initialized successfully
2025-05-26 22:00:06,126 - INFO - Whisper model 'tiny.en' loaded successfully
2025-05-26 22:00:06,140 - INFO - Gemini model 'gemini-1.5-flash' initialized successfully
2025-05-26 22:05:58,881 - INFO - Whisper model 'tiny.en' loaded successfully
2025-05-26 22:05:58,886 - INFO - Gemini model 'gemini-1.5-flash' initialized successfully
2025-05-26 22:17:57,520 - INFO - Whisper model 'tiny.en' loaded successfully
2025-05-26 22:17:57,523 - INFO - Gemini model 'gemini-1.5-flash' initialized successfully
2025-05-26 23:24:21,976 - INFO - Whisper model 'tiny' loaded successfully
2025-05-26 23:24:21,979 - INFO - Gemini model 'gemini-1.5-flash' initialized successfully
2025-05-27 02:21:29,161 - WARNING - C:\Users\Hp\AppData\Local\Programs\Python\Python312\Lib\site-packages\whisper\__init__.py:150: FutureWarning: You are using `torch.load` with `weights_only=False` (the current default value), which uses the default pickle module implicitly. It is possible to construct malicious pickle data which will execute arbitrary code during unpickling (See https://github.com/pytorch/pytorch/blob/main/SECURITY.md#untrusted-models for more details). In a future release, the default value for `weights_only` will be flipped to `True`. This limits the functions that could be executed during unpickling. Arbitrary objects will no longer be allowed to be loaded via this mode unless they are explicitly allowlisted by the user via `torch.serialization.add_safe_globals`. We recommend you start setting `weights_only=True` for any use case where you don't have full control of the loaded file. Please open an issue on GitHub for any issues related to this experimental feature.
  checkpoint = torch.load(fp, map_location=device)

2025-05-27 02:21:30,177 - INFO - Whisper model 'tiny' loaded successfully
2025-05-27 02:21:30,177 - INFO - Gemini model 'gemini-1.5-flash' initialized successfully
2025-05-27 02:21:56,071 - INFO - Whisper model 'tiny' loaded successfully
2025-05-27 02:21:56,073 - INFO - Gemini model 'gemini-1.5-flash' initialized successfully
2025-05-27 02:23:25,117 - INFO - Whisper model 'tiny' loaded successfully
2025-05-27 02:23:25,119 - INFO - Gemini model 'gemini-1.5-flash' initialized successfully
2025-05-27 02:23:32,927 - INFO - Whisper model 'tiny' loaded successfully
2025-05-27 02:23:32,927 - INFO - Gemini model 'gemini-1.5-flash' initialized successfully
2025-05-27 02:23:37,454 - INFO - Whisper model 'tiny' loaded successfully
2025-05-27 02:23:37,454 - INFO - Gemini model 'gemini-1.5-flash' initialized successfully
2025-05-27 02:23:37,483 - INFO - Processing video: C:\Users\Hp\AppData\Local\Temp\tmp9zm91f46.mp4
2025-05-27 02:23:37,681 - ERROR - Audio extraction error: MoviePy error: failed to read the duration of file C:\Users\Hp\AppData\Local\Temp\tmp9zm91f46.mp4.
Here are the file infos returned by ffmpeg:

ffmpeg version 7.1-essentials_build-www.gyan.dev Copyright (c) 2000-2024 the FFmpeg developers
  built with gcc 14.2.0 (Rev1, Built by MSYS2 project)
  configuration: --enable-gpl --enable-version3 --enable-static --disable-w32threads --disable-autodetect --enable-fontconfig --enable-iconv --enable-gnutls --enable-libxml2 --enable-gmp --enable-bzlib --enable-lzma --enable-zlib --enable-libsrt --enable-libssh --enable-libzmq --enable-avisynth --enable-sdl2 --enable-libwebp --enable-libx264 --enable-libx265 --enable-libxvid --enable-libaom --enable-libopenjpeg --enable-libvpx --enable-mediafoundation --enable-libass --enable-libfreetype --enable-libfribidi --enable-libharfbuzz --enable-libvidstab --enable-libvmaf --enable-libzimg --enable-amf --enable-cuda-llvm --enable-cuvid --enable-dxva2 --enable-d3d11va --enable-d3d12va --enable-ffnvcodec --enable-libvpl --enable-nvdec --enable-nvenc --enable-vaapi --enable-libgme --enable-libopenmpt --enable-libopencore-amrwb --enable-libmp3lame --enable-libtheora --enable-libvo-amrwbenc --enable-libgsm --enable-libopencore-amrnb --enable-libopus --enable-libspeex --enable-libvorbis --enable-librubberband
  libavutil      59. 39.100 / 59. 39.100
  libavcodec     61. 19.100 / 61. 19.100
  libavformat    61.  7.100 / 61.  7.100
  libavdevice    61.  3.100 / 61.  3.100
  libavfilter    10.  4.100 / 10.  4.100
  libswscale      8.  3.100 /  8.  3.100
  libswresample   5.  3.100 /  5.  3.100
  libpostproc    58.  3.100 / 58.  3.100
Input #0, matroska,webm, from 'C:\Users\Hp\AppData\Local\Temp\tmp9zm91f46.mp4':
  Metadata:
    encoder         : Chrome
  Duration: N/A, start: 0.000000, bitrate: N/A
  Stream #0:0(eng): Video: h264 (Constrained Baseline), yuv420p(tv, bt709, progressive), 1920x1020 [SAR 1:1 DAR 32:17], 30.30 fps, 60 tbr, 1k tbn (default)
  Stream #0:1(eng): Audio: opus, 48000 Hz, mono, fltp (default)
At least one output file must be specified

2025-05-27 02:23:37,727 - ERROR - Processing error: Traceback (most recent call last):
  File "C:\Users\Hp\AppData\Local\Programs\Python\Python312\Lib\site-packages\moviepy\video\io\ffmpeg_reader.py", line 286, in ffmpeg_parse_infos
    match = re.findall("([0-9][0-9]:[0-9][0-9]:[0-9][0-9].[0-9][0-9])", line)[0]
            ~~~~~~~~~~~~~~~~~~~~~~~~~~~~~~~~~~~~~~~~~~~~~~~~~~~~~~~~~~~~~~~~~^^^
IndexError: list index out of range

During handling of the above exception, another exception occurred:

Traceback (most recent call last):
  File "C:\Users\Hp\meeting-summarizer\app.py", line 341, in process_meeting
    tmp_video_path, tmp_audio_path = summarizer.extract_audio_from_video(uploaded_file)
                                     ^^^^^^^^^^^^^^^^^^^^^^^^^^^^^^^^^^^^^^^^^^^^^^^^^^
  File "C:\Users\Hp\meeting-summarizer\app.py", line 97, in extract_audio_from_video
    video = VideoFileClip(tmp_video_path)
            ^^^^^^^^^^^^^^^^^^^^^^^^^^^^^
  File "C:\Users\Hp\AppData\Local\Programs\Python\Python312\Lib\site-packages\moviepy\video\io\VideoFileClip.py", line 88, in __init__
    self.reader = FFMPEG_VideoReader(filename, pix_fmt=pix_fmt,
                  ^^^^^^^^^^^^^^^^^^^^^^^^^^^^^^^^^^^^^^^^^^^^^
  File "C:\Users\Hp\AppData\Local\Programs\Python\Python312\Lib\site-packages\moviepy\video\io\ffmpeg_reader.py", line 35, in __init__
    infos = ffmpeg_parse_infos(filename, print_infos, check_duration,
            ^^^^^^^^^^^^^^^^^^^^^^^^^^^^^^^^^^^^^^^^^^^^^^^^^^^^^^^^^
  File "C:\Users\Hp\AppData\Local\Programs\Python\Python312\Lib\site-packages\moviepy\video\io\ffmpeg_reader.py", line 289, in ffmpeg_parse_infos
    raise IOError(("MoviePy error: failed to read the duration of file %s.\n"
OSError: MoviePy error: failed to read the duration of file C:\Users\Hp\AppData\Local\Temp\tmp9zm91f46.mp4.
Here are the file infos returned by ffmpeg:

ffmpeg version 7.1-essentials_build-www.gyan.dev Copyright (c) 2000-2024 the FFmpeg developers
  built with gcc 14.2.0 (Rev1, Built by MSYS2 project)
  configuration: --enable-gpl --enable-version3 --enable-static --disable-w32threads --disable-autodetect --enable-fontconfig --enable-iconv --enable-gnutls --enable-libxml2 --enable-gmp --enable-bzlib --enable-lzma --enable-zlib --enable-libsrt --enable-libssh --enable-libzmq --enable-avisynth --enable-sdl2 --enable-libwebp --enable-libx264 --enable-libx265 --enable-libxvid --enable-libaom --enable-libopenjpeg --enable-libvpx --enable-mediafoundation --enable-libass --enable-libfreetype --enable-libfribidi --enable-libharfbuzz --enable-libvidstab --enable-libvmaf --enable-libzimg --enable-amf --enable-cuda-llvm --enable-cuvid --enable-dxva2 --enable-d3d11va --enable-d3d12va --enable-ffnvcodec --enable-libvpl --enable-nvdec --enable-nvenc --enable-vaapi --enable-libgme --enable-libopenmpt --enable-libopencore-amrwb --enable-libmp3lame --enable-libtheora --enable-libvo-amrwbenc --enable-libgsm --enable-libopencore-amrnb --enable-libopus --enable-libspeex --enable-libvorbis --enable-librubberband
  libavutil      59. 39.100 / 59. 39.100
  libavcodec     61. 19.100 / 61. 19.100
  libavformat    61.  7.100 / 61.  7.100
  libavdevice    61.  3.100 / 61.  3.100
  libavfilter    10.  4.100 / 10.  4.100
  libswscale      8.  3.100 /  8.  3.100
  libswresample   5.  3.100 /  5.  3.100
  libpostproc    58.  3.100 / 58.  3.100
Input #0, matroska,webm, from 'C:\Users\Hp\AppData\Local\Temp\tmp9zm91f46.mp4':
  Metadata:
    encoder         : Chrome
  Duration: N/A, start: 0.000000, bitrate: N/A
  Stream #0:0(eng): Video: h264 (Constrained Baseline), yuv420p(tv, bt709, progressive), 1920x1020 [SAR 1:1 DAR 32:17], 30.30 fps, 60 tbr, 1k tbn (default)
  Stream #0:1(eng): Audio: opus, 48000 Hz, mono, fltp (default)
At least one output file must be specified


2025-05-27 02:32:14,421 - INFO - Whisper model 'tiny' loaded successfully
2025-05-27 02:32:14,421 - INFO - Gemini model 'gemini-1.5-flash' initialized successfully
2025-05-27 02:32:26,105 - INFO - Whisper model 'tiny' loaded successfully
2025-05-27 02:32:26,105 - INFO - Gemini model 'gemini-1.5-flash' initialized successfully
2025-05-27 02:32:30,217 - INFO - Whisper model 'tiny' loaded successfully
2025-05-27 02:32:30,219 - INFO - Gemini model 'gemini-1.5-flash' initialized successfully
2025-05-27 02:32:30,242 - INFO - Processing video: C:\Users\Hp\AppData\Local\Temp\tmpg0iwf52_.mp4
2025-05-27 02:32:30,419 - ERROR - Audio extraction error: MoviePy error: failed to read the duration of file C:\Users\Hp\AppData\Local\Temp\tmpg0iwf52_.mp4.
Here are the file infos returned by ffmpeg:

ffmpeg version 7.1-essentials_build-www.gyan.dev Copyright (c) 2000-2024 the FFmpeg developers
  built with gcc 14.2.0 (Rev1, Built by MSYS2 project)
  configuration: --enable-gpl --enable-version3 --enable-static --disable-w32threads --disable-autodetect --enable-fontconfig --enable-iconv --enable-gnutls --enable-libxml2 --enable-gmp --enable-bzlib --enable-lzma --enable-zlib --enable-libsrt --enable-libssh --enable-libzmq --enable-avisynth --enable-sdl2 --enable-libwebp --enable-libx264 --enable-libx265 --enable-libxvid --enable-libaom --enable-libopenjpeg --enable-libvpx --enable-mediafoundation --enable-libass --enable-libfreetype --enable-libfribidi --enable-libharfbuzz --enable-libvidstab --enable-libvmaf --enable-libzimg --enable-amf --enable-cuda-llvm --enable-cuvid --enable-dxva2 --enable-d3d11va --enable-d3d12va --enable-ffnvcodec --enable-libvpl --enable-nvdec --enable-nvenc --enable-vaapi --enable-libgme --enable-libopenmpt --enable-libopencore-amrwb --enable-libmp3lame --enable-libtheora --enable-libvo-amrwbenc --enable-libgsm --enable-libopencore-amrnb --enable-libopus --enable-libspeex --enable-libvorbis --enable-librubberband
  libavutil      59. 39.100 / 59. 39.100
  libavcodec     61. 19.100 / 61. 19.100
  libavformat    61.  7.100 / 61.  7.100
  libavdevice    61.  3.100 / 61.  3.100
  libavfilter    10.  4.100 / 10.  4.100
  libswscale      8.  3.100 /  8.  3.100
  libswresample   5.  3.100 /  5.  3.100
  libpostproc    58.  3.100 / 58.  3.100
Input #0, matroska,webm, from 'C:\Users\Hp\AppData\Local\Temp\tmpg0iwf52_.mp4':
  Metadata:
    encoder         : Chrome
  Duration: N/A, start: 0.000000, bitrate: N/A
  Stream #0:0(eng): Video: h264 (Constrained Baseline), yuv420p(tv, bt709, progressive), 1920x1020 [SAR 1:1 DAR 32:17], 30.30 fps, 60 tbr, 1k tbn (default)
  Stream #0:1(eng): Audio: opus, 48000 Hz, mono, fltp (default)
At least one output file must be specified

2025-05-27 02:32:30,432 - ERROR - Processing error: Traceback (most recent call last):
  File "C:\Users\Hp\AppData\Local\Programs\Python\Python312\Lib\site-packages\moviepy\video\io\ffmpeg_reader.py", line 286, in ffmpeg_parse_infos
    match = re.findall("([0-9][0-9]:[0-9][0-9]:[0-9][0-9].[0-9][0-9])", line)[0]
            ~~~~~~~~~~~~~~~~~~~~~~~~~~~~~~~~~~~~~~~~~~~~~~~~~~~~~~~~~~~~~~~~~^^^
IndexError: list index out of range

During handling of the above exception, another exception occurred:

Traceback (most recent call last):
  File "C:\Users\Hp\meeting-summarizer\app.py", line 341, in process_meeting
    tmp_video_path, tmp_audio_path = summarizer.extract_audio_from_video(uploaded_file)
                                     ^^^^^^^^^^^^^^^^^^^^^^^^^^^^^^^^^^^^^^^^^^^^^^^^^^
  File "C:\Users\Hp\meeting-summarizer\app.py", line 97, in extract_audio_from_video
    video = VideoFileClip(tmp_video_path)
            ^^^^^^^^^^^^^^^^^^^^^^^^^^^^^
  File "C:\Users\Hp\AppData\Local\Programs\Python\Python312\Lib\site-packages\moviepy\video\io\VideoFileClip.py", line 88, in __init__
    self.reader = FFMPEG_VideoReader(filename, pix_fmt=pix_fmt,
                  ^^^^^^^^^^^^^^^^^^^^^^^^^^^^^^^^^^^^^^^^^^^^^
  File "C:\Users\Hp\AppData\Local\Programs\Python\Python312\Lib\site-packages\moviepy\video\io\ffmpeg_reader.py", line 35, in __init__
    infos = ffmpeg_parse_infos(filename, print_infos, check_duration,
            ^^^^^^^^^^^^^^^^^^^^^^^^^^^^^^^^^^^^^^^^^^^^^^^^^^^^^^^^^
  File "C:\Users\Hp\AppData\Local\Programs\Python\Python312\Lib\site-packages\moviepy\video\io\ffmpeg_reader.py", line 289, in ffmpeg_parse_infos
    raise IOError(("MoviePy error: failed to read the duration of file %s.\n"
OSError: MoviePy error: failed to read the duration of file C:\Users\Hp\AppData\Local\Temp\tmpg0iwf52_.mp4.
Here are the file infos returned by ffmpeg:

ffmpeg version 7.1-essentials_build-www.gyan.dev Copyright (c) 2000-2024 the FFmpeg developers
  built with gcc 14.2.0 (Rev1, Built by MSYS2 project)
  configuration: --enable-gpl --enable-version3 --enable-static --disable-w32threads --disable-autodetect --enable-fontconfig --enable-iconv --enable-gnutls --enable-libxml2 --enable-gmp --enable-bzlib --enable-lzma --enable-zlib --enable-libsrt --enable-libssh --enable-libzmq --enable-avisynth --enable-sdl2 --enable-libwebp --enable-libx264 --enable-libx265 --enable-libxvid --enable-libaom --enable-libopenjpeg --enable-libvpx --enable-mediafoundation --enable-libass --enable-libfreetype --enable-libfribidi --enable-libharfbuzz --enable-libvidstab --enable-libvmaf --enable-libzimg --enable-amf --enable-cuda-llvm --enable-cuvid --enable-dxva2 --enable-d3d11va --enable-d3d12va --enable-ffnvcodec --enable-libvpl --enable-nvdec --enable-nvenc --enable-vaapi --enable-libgme --enable-libopenmpt --enable-libopencore-amrwb --enable-libmp3lame --enable-libtheora --enable-libvo-amrwbenc --enable-libgsm --enable-libopencore-amrnb --enable-libopus --enable-libspeex --enable-libvorbis --enable-librubberband
  libavutil      59. 39.100 / 59. 39.100
  libavcodec     61. 19.100 / 61. 19.100
  libavformat    61.  7.100 / 61.  7.100
  libavdevice    61.  3.100 / 61.  3.100
  libavfilter    10.  4.100 / 10.  4.100
  libswscale      8.  3.100 /  8.  3.100
  libswresample   5.  3.100 /  5.  3.100
  libpostproc    58.  3.100 / 58.  3.100
Input #0, matroska,webm, from 'C:\Users\Hp\AppData\Local\Temp\tmpg0iwf52_.mp4':
  Metadata:
    encoder         : Chrome
  Duration: N/A, start: 0.000000, bitrate: N/A
  Stream #0:0(eng): Video: h264 (Constrained Baseline), yuv420p(tv, bt709, progressive), 1920x1020 [SAR 1:1 DAR 32:17], 30.30 fps, 60 tbr, 1k tbn (default)
  Stream #0:1(eng): Audio: opus, 48000 Hz, mono, fltp (default)
At least one output file must be specified


2025-05-29 11:58:48,332 - WARNING - C:\Users\Hp\AppData\Local\Programs\Python\Python312\Lib\site-packages\whisper\__init__.py:150: FutureWarning: You are using `torch.load` with `weights_only=False` (the current default value), which uses the default pickle module implicitly. It is possible to construct malicious pickle data which will execute arbitrary code during unpickling (See https://github.com/pytorch/pytorch/blob/main/SECURITY.md#untrusted-models for more details). In a future release, the default value for `weights_only` will be flipped to `True`. This limits the functions that could be executed during unpickling. Arbitrary objects will no longer be allowed to be loaded via this mode unless they are explicitly allowlisted by the user via `torch.serialization.add_safe_globals`. We recommend you start setting `weights_only=True` for any use case where you don't have full control of the loaded file. Please open an issue on GitHub for any issues related to this experimental feature.
  checkpoint = torch.load(fp, map_location=device)

2025-05-29 11:58:48,832 - INFO - Whisper model 'tiny' loaded successfully
2025-05-29 11:58:48,832 - INFO - Gemini model 'gemini-1.5-flash' initialized successfully
2025-05-29 11:59:29,694 - INFO - Whisper model 'tiny' loaded successfully
2025-05-29 11:59:29,694 - INFO - Gemini model 'gemini-1.5-flash' initialized successfully
2025-05-29 12:57:20,924 - WARNING - Xet Storage is enabled for this repo, but the 'hf_xet' package is not installed. Falling back to regular HTTP download. For better performance, install the package with: `pip install huggingface_hub[hf_xet]` or `pip install hf_xet`
2025-05-29 12:57:21,912 - WARNING - C:\Users\Hp\AppData\Local\Programs\Python\Python312\Lib\site-packages\huggingface_hub\file_download.py:143: UserWarning: `huggingface_hub` cache-system uses symlinks by default to efficiently store duplicated files but your machine does not support them in C:\Users\Hp\.cache\huggingface\hub\models--Systran--faster-whisper-base. Caching files will still work but in a degraded version that might require more space on your disk. This warning can be disabled by setting the `HF_HUB_DISABLE_SYMLINKS_WARNING` environment variable. For more details, see https://huggingface.co/docs/huggingface_hub/how-to-cache#limitations.
To support symlinks on Windows, you either need to activate Developer Mode or to run Python as an administrator. In order to activate developer mode, see this article: https://docs.microsoft.com/en-us/windows/apps/get-started/enable-your-device-for-development
  warnings.warn(message)

2025-05-29 13:02:47,095 - INFO - Faster Whisper model 'base' loaded successfully
2025-05-29 13:02:47,099 - INFO - Gemini model 'gemini-1.5-flash' initialized successfully
